[debug] [2022-11-23T04:25:20.732Z] ----------------------------------------------------------------------
[debug] [2022-11-23T04:25:20.734Z] Command:       C:\Program Files\nodejs\node.exe C:\Users\wilda\AppData\Roaming\npm\node_modules\firebase-tools\lib\bin\firebase.js init
[debug] [2022-11-23T04:25:20.735Z] CLI Version:   11.16.1
[debug] [2022-11-23T04:25:20.735Z] Platform:      win32
[debug] [2022-11-23T04:25:20.735Z] Node Version:  v16.17.1
[debug] [2022-11-23T04:25:20.737Z] Time:          Wed Nov 23 2022 11:25:20 GMT+0700 (Western Indonesia Time)
[debug] [2022-11-23T04:25:20.737Z] ----------------------------------------------------------------------
[debug] 
[debug] [2022-11-23T04:25:20.823Z] > command requires scopes: ["email","openid","https://www.googleapis.com/auth/cloudplatformprojects.readonly","https://www.googleapis.com/auth/firebase","https://www.googleapis.com/auth/cloud-platform"]
[debug] [2022-11-23T04:25:20.823Z] > authorizing via signed-in user (wildan.assyidiq@students.utdi.ac.id)
[info] 
     ######## #### ########  ######## ########     ###     ######  ########
     ##        ##  ##     ## ##       ##     ##  ##   ##  ##       ##
     ######    ##  ########  ######   ########  #########  ######  ######
     ##        ##  ##    ##  ##       ##     ## ##     ##       ## ##
     ##       #### ##     ## ######## ########  ##     ##  ######  ########

You're about to initialize a Firebase project in this directory:

  C:\Users\wilda\Downloads\APP with React\React-Movie-App

Before we get started, keep in mind:

  * You are initializing within an existing Firebase project directory

[info] 
=== Project Setup
[info] 
[info] First, let's associate this project directory with a Firebase project.
[info] You can create multiple project aliases by running firebase use --add, 
[info] but for now we'll just set up a default project.
[info] 
[debug] [2022-11-23T04:25:29.005Z] Using project from CLI flag: moviesmusic-a1b77
[debug] [2022-11-23T04:25:29.010Z] >>> [apiv2][query] GET https://firebase.googleapis.com/v1beta1/projects/moviesmusic-a1b77 [none]
[debug] [2022-11-23T04:25:30.439Z] <<< [apiv2][status] GET https://firebase.googleapis.com/v1beta1/projects/moviesmusic-a1b77 200
[debug] [2022-11-23T04:25:30.440Z] <<< [apiv2][body] GET https://firebase.googleapis.com/v1beta1/projects/moviesmusic-a1b77 {"projectId":"moviesmusic-a1b77","projectNumber":"641022663765","displayName":"moviesmusic","name":"projects/moviesmusic-a1b77","resources":{"hostingSite":"moviesmusic-a1b77"},"state":"ACTIVE","etag":"1_6a6fdfd9-9ceb-493c-85dc-f9ade2655c3b"}
[info] i  Using project moviesmusic-a1b77 (moviesmusic) 
[info] 
=== Hosting:github Setup
[info] 
[info] i  Detected a .git folder at C:\Users\wilda\Downloads\APP with React\React-Movie-App 
[info] i  Authorizing with GitHub to upload your service account to a GitHub repository's secrets store. 
[info] 
[info] Visit this URL on this device to log in:
[info] https://github.com/login/oauth/authorize?client_id=89cf50f02ac6aaed3484&state=193593344&redirect_uri=http%3A%2F%2Flocalhost%3A9005&scope=read%3Auser%20repo%20public_repo
[info] 
[info] Waiting for authentication...
[debug] [2022-11-23T04:25:32.204Z] >>> [apiv2][query] POST https://github.com/login/oauth/access_token [none]
[debug] [2022-11-23T04:25:32.204Z] >>> [apiv2][body] POST https://github.com/login/oauth/access_token [stream]
[debug] [2022-11-23T04:25:32.912Z] <<< [apiv2][status] POST https://github.com/login/oauth/access_token 200
[debug] [2022-11-23T04:25:32.912Z] <<< [apiv2][body] POST https://github.com/login/oauth/access_token {"access_token":"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","token_type":"bearer","scope":"read:user,repo"}
[debug] [2022-11-23T04:25:32.927Z] >>> [apiv2][query] GET https://api.github.com/user [none]
[debug] [2022-11-23T04:25:33.676Z] <<< [apiv2][status] GET https://api.github.com/user 200
[debug] [2022-11-23T04:25:33.677Z] <<< [apiv2][body] GET https://api.github.com/user {"login":"siabang35","id":45908127,"node_id":"MDQ6VXNlcjQ1OTA4MTI3","avatar_url":"https://avatars.githubusercontent.com/u/45908127?v=4","gravatar_id":"","url":"https://api.github.com/users/siabang35","html_url":"https://github.com/siabang35","followers_url":"https://api.github.com/users/siabang35/followers","following_url":"https://api.github.com/users/siabang35/following{/other_user}","gists_url":"https://api.github.com/users/siabang35/gists{/gist_id}","starred_url":"https://api.github.com/users/siabang35/starred{/owner}{/repo}","subscriptions_url":"https://api.github.com/users/siabang35/subscriptions","organizations_url":"https://api.github.com/users/siabang35/orgs","repos_url":"https://api.github.com/users/siabang35/repos","events_url":"https://api.github.com/users/siabang35/events{/privacy}","received_events_url":"https://api.github.com/users/siabang35/received_events","type":"User","site_admin":false,"name":"Zenith Shinigami","company":null,"blog":"","location":"Yogyakarta, Indonesia","email":null,"hireable":null,"bio":null,"twitter_username":"CharmingbP","public_repos":30,"public_gists":1,"followers":82,"following":133,"created_at":"2018-12-16T02:52:10Z","updated_at":"2022-10-22T06:45:56Z","private_gists":1,"total_private_repos":0,"owned_private_repos":0,"disk_usage":122869,"collaborators":0,"two_factor_authentication":false,"plan":{"name":"free","space":976562499,"collaborators":0,"private_repos":10000}}
[info] 
[info] +  Success! Logged into GitHub as siabang35 
[info] 
